2016-06-18 13:36:35 DEBUG velocity:168 - Log4JLogChute using logger 'velocity'
2016-06-18 13:36:35 DEBUG velocity:168 - Initializing Velocity, Calling init()...
2016-06-18 13:36:35 TRACE velocity:156 - *******************************************************************
2016-06-18 13:36:35 DEBUG velocity:168 - Starting Apache Velocity v1.7 (compiled: 2010-11-19 12:14:37)
2016-06-18 13:36:35 TRACE velocity:156 - RuntimeInstance initializing.
2016-06-18 13:36:35 DEBUG velocity:168 - Default Properties File: org\apache\velocity\runtime\defaults\velocity.properties
2016-06-18 13:36:35 DEBUG velocity:168 - Trying to use logger class org.apache.velocity.runtime.log.Log4JLogChute
2016-06-18 13:36:35 DEBUG velocity:168 - Using logger class org.apache.velocity.runtime.log.Log4JLogChute
2016-06-18 13:36:35 TRACE velocity:156 - Default ResourceManager initializing. (class org.apache.velocity.runtime.resource.ResourceManagerImpl)
2016-06-18 13:36:35 DEBUG velocity:168 - ResourceLoader instantiated: org.apache.velocity.runtime.resource.loader.FileResourceLoader
2016-06-18 13:36:35 TRACE velocity:156 - FileResourceLoader : initialization starting.
2016-06-18 13:36:35 DEBUG velocity:168 - Do unicode file recognition:  false
2016-06-18 13:36:35 DEBUG velocity:168 - FileResourceLoader : adding path '.'
2016-06-18 13:36:35 TRACE velocity:156 - FileResourceLoader : initialization complete.
2016-06-18 13:36:35 DEBUG velocity:168 - ResourceCache: initialized (class org.apache.velocity.runtime.resource.ResourceCacheImpl) with class java.util.Collections$SynchronizedMap cache map.
2016-06-18 13:36:35 TRACE velocity:156 - Default ResourceManager initialization complete.
2016-06-18 13:36:35 DEBUG velocity:168 - Loaded System Directive: org.apache.velocity.runtime.directive.Stop
2016-06-18 13:36:35 DEBUG velocity:168 - Loaded System Directive: org.apache.velocity.runtime.directive.Define
2016-06-18 13:36:35 DEBUG velocity:168 - Loaded System Directive: org.apache.velocity.runtime.directive.Break
2016-06-18 13:36:35 DEBUG velocity:168 - Loaded System Directive: org.apache.velocity.runtime.directive.Evaluate
2016-06-18 13:36:35 DEBUG velocity:168 - Loaded System Directive: org.apache.velocity.runtime.directive.Literal
2016-06-18 13:36:35 DEBUG velocity:168 - Loaded System Directive: org.apache.velocity.runtime.directive.Macro
2016-06-18 13:36:35 DEBUG velocity:168 - Loaded System Directive: org.apache.velocity.runtime.directive.Parse
2016-06-18 13:36:35 DEBUG velocity:168 - Loaded System Directive: org.apache.velocity.runtime.directive.Include
2016-06-18 13:36:35 DEBUG velocity:168 - Loaded System Directive: org.apache.velocity.runtime.directive.Foreach
2016-06-18 13:36:35 DEBUG velocity:168 - Created '20' parsers.
2016-06-18 13:36:35 TRACE velocity:156 - Velocimacro : initialization starting.
2016-06-18 13:36:35 DEBUG velocity:168 - Velocimacro : "velocimacro.library" is not set.  Trying default library: VM_global_library.vm
2016-06-18 13:36:35 DEBUG velocity:168 - Velocimacro : Default library not found.
2016-06-18 13:36:35 DEBUG velocity:168 - Velocimacro : allowInline = true : VMs can be defined inline in templates
2016-06-18 13:36:35 DEBUG velocity:168 - Velocimacro : allowInlineToOverride = false : VMs defined inline may NOT replace previous VM definitions
2016-06-18 13:36:35 DEBUG velocity:168 - Velocimacro : allowInlineLocal = false : VMs defined inline will be global in scope if allowed.
2016-06-18 13:36:35 DEBUG velocity:168 - Velocimacro : autoload off : VM system will not automatically reload global library macros
2016-06-18 13:36:35 TRACE velocity:156 - Velocimacro : Velocimacro : initialization complete.
2016-06-18 13:36:35 TRACE velocity:156 - RuntimeInstance successfully initialized.
2016-06-18 13:36:35 ERROR velocity:164 - ResourceManager : unable to find resource 'templates/verify.vm' in any resource loader.
2016-06-18 13:37:05 DEBUG velocity:168 - Log4JLogChute using logger 'velocity'
2016-06-18 13:37:05 DEBUG velocity:168 - Initializing Velocity, Calling init()...
2016-06-18 13:37:05 TRACE velocity:156 - *******************************************************************
2016-06-18 13:37:05 DEBUG velocity:168 - Starting Apache Velocity v1.7 (compiled: 2010-11-19 12:14:37)
2016-06-18 13:37:05 TRACE velocity:156 - RuntimeInstance initializing.
2016-06-18 13:37:05 DEBUG velocity:168 - Default Properties File: org\apache\velocity\runtime\defaults\velocity.properties
2016-06-18 13:37:05 DEBUG velocity:168 - Trying to use logger class org.apache.velocity.runtime.log.Log4JLogChute
2016-06-18 13:37:05 DEBUG velocity:168 - Using logger class org.apache.velocity.runtime.log.Log4JLogChute
2016-06-18 13:37:05 TRACE velocity:156 - Default ResourceManager initializing. (class org.apache.velocity.runtime.resource.ResourceManagerImpl)
2016-06-18 13:37:05 DEBUG velocity:168 - ResourceLoader instantiated: org.apache.velocity.runtime.resource.loader.ClasspathResourceLoader
2016-06-18 13:37:05 TRACE velocity:156 - ClasspathResourceLoader : initialization complete.
2016-06-18 13:37:05 DEBUG velocity:168 - ResourceCache: initialized (class org.apache.velocity.runtime.resource.ResourceCacheImpl) with class java.util.Collections$SynchronizedMap cache map.
2016-06-18 13:37:05 TRACE velocity:156 - Default ResourceManager initialization complete.
2016-06-18 13:37:05 DEBUG velocity:168 - Loaded System Directive: org.apache.velocity.runtime.directive.Stop
2016-06-18 13:37:05 DEBUG velocity:168 - Loaded System Directive: org.apache.velocity.runtime.directive.Define
2016-06-18 13:37:05 DEBUG velocity:168 - Loaded System Directive: org.apache.velocity.runtime.directive.Break
2016-06-18 13:37:05 DEBUG velocity:168 - Loaded System Directive: org.apache.velocity.runtime.directive.Evaluate
2016-06-18 13:37:05 DEBUG velocity:168 - Loaded System Directive: org.apache.velocity.runtime.directive.Literal
2016-06-18 13:37:05 DEBUG velocity:168 - Loaded System Directive: org.apache.velocity.runtime.directive.Macro
2016-06-18 13:37:05 DEBUG velocity:168 - Loaded System Directive: org.apache.velocity.runtime.directive.Parse
2016-06-18 13:37:05 DEBUG velocity:168 - Loaded System Directive: org.apache.velocity.runtime.directive.Include
2016-06-18 13:37:05 DEBUG velocity:168 - Loaded System Directive: org.apache.velocity.runtime.directive.Foreach
2016-06-18 13:37:05 DEBUG velocity:168 - Created '20' parsers.
2016-06-18 13:37:05 TRACE velocity:156 - Velocimacro : initialization starting.
2016-06-18 13:37:05 DEBUG velocity:168 - Velocimacro : "velocimacro.library" is not set.  Trying default library: VM_global_library.vm
2016-06-18 13:37:05 DEBUG velocity:168 - Could not load resource 'VM_global_library.vm' from ResourceLoader org.apache.velocity.runtime.resource.loader.ClasspathResourceLoader: ClasspathResourceLoader Error: cannot find resource VM_global_library.vm
2016-06-18 13:37:05 DEBUG velocity:168 - Velocimacro : Default library not found.
2016-06-18 13:37:05 DEBUG velocity:168 - Velocimacro : allowInline = true : VMs can be defined inline in templates
2016-06-18 13:37:05 DEBUG velocity:168 - Velocimacro : allowInlineToOverride = false : VMs defined inline may NOT replace previous VM definitions
2016-06-18 13:37:05 DEBUG velocity:168 - Velocimacro : allowInlineLocal = false : VMs defined inline will be global in scope if allowed.
2016-06-18 13:37:05 DEBUG velocity:168 - Velocimacro : autoload off : VM system will not automatically reload global library macros
2016-06-18 13:37:05 TRACE velocity:156 - Velocimacro : Velocimacro : initialization complete.
2016-06-18 13:37:05 TRACE velocity:156 - RuntimeInstance successfully initialized.
2016-06-18 13:37:05 DEBUG velocity:168 - ResourceManager : found templates/verify.vm with loader org.apache.velocity.runtime.resource.loader.ClasspathResourceLoader
